current directory: /home/mariochase/RubyProjects/campaign_manager/campaign_manager_api/thout-opt-dir/gems/hunspell-1.1.0
/home/mariochase/.rbenv/versions/2.7.0/bin/ruby -I /home/mariochase/.rbenv/versions/2.7.0/lib/ruby/2.7.0 -r ./siteconf20220206-40173-10amuja.rb extconf.rb
checking for Hunspell_create() in -lhunspell-1.7... no
checking for Hunspell_create() in -lhunspell-1.6... no
checking for Hunspell_create() in -lhunspell-1.5... no
checking for Hunspell_create() in -lhunspell-1.4... no
checking for Hunspell_create() in -lhunspell-1.3... no
Missing hunspell library
Supported versions: hunspell-1.7 hunspell-1.6 hunspell-1.5 hunspell-1.4 hunspell-1.3
*** extconf.rb failed ***
Could not create Makefile due to some reason, probably lack of necessary
libraries and/or headers.  Check the mkmf.log file for more details.  You may
need configuration options.

Provided configuration options:
	--with-opt-dir
	--without-opt-dir
	--with-opt-include
	--without-opt-include=${opt-dir}/include
	--with-opt-lib
	--without-opt-lib=${opt-dir}/lib
	--with-make-prog
	--without-make-prog
	--srcdir=.
	--curdir
	--ruby=/home/mariochase/.rbenv/versions/2.7.0/bin/$(RUBY_BASE_NAME)
	--with-hunspell-1.7-dir
	--without-hunspell-1.7-dir
	--with-hunspell-1.7-include
	--without-hunspell-1.7-include=${hunspell-1.7-dir}/include
	--with-hunspell-1.7-lib
	--without-hunspell-1.7-lib=${hunspell-1.7-dir}/lib
	--with-hunspell-1.6-dir
	--without-hunspell-1.6-dir
	--with-hunspell-1.6-include
	--without-hunspell-1.6-include=${hunspell-1.6-dir}/include
	--with-hunspell-1.6-lib
	--without-hunspell-1.6-lib=${hunspell-1.6-dir}/lib
	--with-hunspell-1.5-dir
	--without-hunspell-1.5-dir
	--with-hunspell-1.5-include
	--without-hunspell-1.5-include=${hunspell-1.5-dir}/include
	--with-hunspell-1.5-lib
	--without-hunspell-1.5-lib=${hunspell-1.5-dir}/lib
	--with-hunspell-1.4-dir
	--without-hunspell-1.4-dir
	--with-hunspell-1.4-include
	--without-hunspell-1.4-include=${hunspell-1.4-dir}/include
	--with-hunspell-1.4-lib
	--without-hunspell-1.4-lib=${hunspell-1.4-dir}/lib
	--with-hunspell-1.3-dir
	--without-hunspell-1.3-dir
	--with-hunspell-1.3-include
	--without-hunspell-1.3-include=${hunspell-1.3-dir}/include
	--with-hunspell-1.3-lib
	--without-hunspell-1.3-lib=${hunspell-1.3-dir}/lib
	--with-hunspell-1.7lib
	--without-hunspell-1.7lib
	--with-hunspell-1.6lib
	--without-hunspell-1.6lib
	--with-hunspell-1.5lib
	--without-hunspell-1.5lib
	--with-hunspell-1.4lib
	--without-hunspell-1.4lib
	--with-hunspell-1.3lib
	--without-hunspell-1.3lib

To see why this extension failed to compile, please check the mkmf.log which can be found here:

  /home/mariochase/RubyProjects/campaign_manager/campaign_manager_api/thout-opt-dir/extensions/x86_64-linux/2.7.0/hunspell-1.1.0/mkmf.log

extconf failed, exit code 1
